This file contains any messages produced by compilers while
running configure, to aid debugging if configure makes a mistake.

It was created by cpabe configure 0.11, which was
generated by GNU Autoconf 2.67.  Invocation command line was

  $ ./configure 

## --------- ##
## Platform. ##
## --------- ##

hostname = nontawat-VirtualBox
uname -m = x86_64
uname -r = 5.13.0-40-generic
uname -s = Linux
uname -v = #45~20.04.1-Ubuntu SMP Mon Apr 4 09:38:31 UTC 2022

/usr/bin/uname -p = x86_64
/bin/uname -X     = unknown

/bin/arch              = x86_64
/usr/bin/arch -k       = unknown
/usr/convex/getsysinfo = unknown
/usr/bin/hostinfo      = unknown
/bin/machine           = unknown
/usr/bin/oslevel       = unknown
/bin/universe          = unknown

PATH: /usr/local/sbin
PATH: /usr/local/bin
PATH: /usr/sbin
PATH: /usr/bin
PATH: /sbin
PATH: /bin
PATH: /usr/games
PATH: /usr/local/games
PATH: /snap/bin


## ----------- ##
## Core tests. ##
## ----------- ##

configure:2220: checking whether to enable debugging
configure:2238: result: no
configure:2245: checking for bison
configure:2261: found /usr/local/bin/bison
configure:2272: result: bison -y
configure:2332: checking for gcc
configure:2348: found /usr/bin/gcc
configure:2359: result: gcc
configure:2588: checking for C compiler version
configure:2597: gcc --version >&5
gcc (Ubuntu 9.4.0-1ubuntu1~20.04.1) 9.4.0
Copyright (C) 2019 Free Software Foundation, Inc.
This is free software; see the source for copying conditions.  There is NO
warranty; not even for MERCHANTABILITY or FITNESS FOR A PARTICULAR PURPOSE.

configure:2608: $? = 0
configure:2597: gcc -v >&5
Using built-in specs.
COLLECT_GCC=gcc
COLLECT_LTO_WRAPPER=/usr/lib/gcc/x86_64-linux-gnu/9/lto-wrapper
OFFLOAD_TARGET_NAMES=nvptx-none:hsa
OFFLOAD_TARGET_DEFAULT=1
Target: x86_64-linux-gnu
Configured with: ../src/configure -v --with-pkgversion='Ubuntu 9.4.0-1ubuntu1~20.04.1' --with-bugurl=file:///usr/share/doc/gcc-9/README.Bugs --enable-languages=c,ada,c++,go,brig,d,fortran,objc,obj-c++,gm2 --prefix=/usr --with-gcc-major-version-only --program-suffix=-9 --program-prefix=x86_64-linux-gnu- --enable-shared --enable-linker-build-id --libexecdir=/usr/lib --without-included-gettext --enable-threads=posix --libdir=/usr/lib --enable-nls --enable-clocale=gnu --enable-libstdcxx-debug --enable-libstdcxx-time=yes --with-default-libstdcxx-abi=new --enable-gnu-unique-object --disable-vtable-verify --enable-plugin --enable-default-pie --with-system-zlib --with-target-system-zlib=auto --enable-objc-gc=auto --enable-multiarch --disable-werror --with-arch-32=i686 --with-abi=m64 --with-multilib-list=m32,m64,mx32 --enable-multilib --with-tune=generic --enable-offload-targets=nvptx-none=/build/gcc-9-Av3uEd/gcc-9-9.4.0/debian/tmp-nvptx/usr,hsa --without-cuda-driver --enable-checking=release --build=x86_64-linux-gnu --host=x86_64-linux-gnu --target=x86_64-linux-gnu
Thread model: posix
gcc version 9.4.0 (Ubuntu 9.4.0-1ubuntu1~20.04.1) 
configure:2608: $? = 0
configure:2597: gcc -V >&5
gcc: error: unrecognized command line option '-V'
gcc: fatal error: no input files
compilation terminated.
configure:2608: $? = 1
configure:2597: gcc -qversion >&5
gcc: error: unrecognized command line option '-qversion'; did you mean '--version'?
gcc: fatal error: no input files
compilation terminated.
configure:2608: $? = 1
configure:2628: checking whether the C compiler works
configure:2650: gcc -O3 -Wall  -O3 -Wall conftest.c  >&5
configure:2654: $? = 0
configure:2702: result: yes
configure:2705: checking for C compiler default output file name
configure:2707: result: a.out
configure:2713: checking for suffix of executables
configure:2720: gcc -o conftest -O3 -Wall  -O3 -Wall conftest.c  >&5
configure:2724: $? = 0
configure:2746: result: 
configure:2768: checking whether we are cross compiling
configure:2776: gcc -o conftest -O3 -Wall  -O3 -Wall conftest.c  >&5
configure:2780: $? = 0
configure:2787: ./conftest
configure:2791: $? = 0
configure:2779: result: no
configure:2784: checking for suffix of object files
configure:2806: gcc -c -O3 -Wall  conftest.c >&5
configure:2810: $? = 0
configure:2831: result: o
configure:2835: checking whether we are using the GNU C compiler
configure:2854: gcc -c -O3 -Wall  conftest.c >&5
configure:2854: $? = 0
configure:2863: result: yes
configure:2872: checking whether gcc accepts -g
configure:2892: gcc -c -g  conftest.c >&5
configure:2892: $? = 0
configure:2933: result: yes
configure:2950: checking for gcc option to accept ISO C89
configure:3014: gcc  -c -O3 -Wall  conftest.c >&5
configure:3014: $? = 0
configure:3027: result: none needed
configure:3054: checking for an ANSI C-conforming const
configure:3119: gcc -c -O3 -Wall  conftest.c >&5
conftest.c: In function 'main':
conftest.c:38:7: warning: 't' is used uninitialized in this function [-Wuninitialized]
   38 |     *t++ = 0;
      |      ~^~
conftest.c:54:23: warning: 'b' is used uninitialized in this function [-Wuninitialized]
   54 |     struct s *b; b->j = 5;
      |                  ~~~~~^~~
conftest.c:60:13: warning: 'cs[0]' is used uninitialized in this function [-Wuninitialized]
   60 |   return !cs[0] && !zero.x;
      |           ~~^~~
configure:3119: $? = 0
configure:3126: result: yes
configure:3139: checking how to run the C preprocessor
configure:3170: gcc -E  conftest.c
configure:3170: $? = 0
configure:3184: gcc -E  conftest.c
conftest.c:9:10: fatal error: ac_nonexistent.h: No such file or directory
    9 | #include <ac_nonexistent.h>
      |          ^~~~~~~~~~~~~~~~~~
compilation terminated.
configure:3184: $? = 1
configure: failed program was:
| /* confdefs.h */
| #define PACKAGE_NAME "cpabe"
| #define PACKAGE_TARNAME "cpabe"
| #define PACKAGE_VERSION "0.11"
| #define PACKAGE_STRING "cpabe 0.11"
| #define PACKAGE_BUGREPORT "bethenco@cs.berkeley.edu"
| #define PACKAGE_URL ""
| /* end confdefs.h.  */
| #include <ac_nonexistent.h>
configure:3209: result: gcc -E
configure:3229: gcc -E  conftest.c
configure:3229: $? = 0
configure:3243: gcc -E  conftest.c
conftest.c:9:10: fatal error: ac_nonexistent.h: No such file or directory
    9 | #include <ac_nonexistent.h>
      |          ^~~~~~~~~~~~~~~~~~
compilation terminated.
configure:3243: $? = 1
configure: failed program was:
| /* confdefs.h */
| #define PACKAGE_NAME "cpabe"
| #define PACKAGE_TARNAME "cpabe"
| #define PACKAGE_VERSION "0.11"
| #define PACKAGE_STRING "cpabe 0.11"
| #define PACKAGE_BUGREPORT "bethenco@cs.berkeley.edu"
| #define PACKAGE_URL ""
| /* end confdefs.h.  */
| #include <ac_nonexistent.h>
configure:3272: checking for grep that handles long lines and -e
configure:3330: result: /usr/bin/grep
configure:3335: checking for egrep
configure:3397: result: /usr/bin/grep -E
configure:3402: checking for ANSI C header files
configure:3422: gcc -c -O3 -Wall  conftest.c >&5
configure:3422: $? = 0
configure:3495: gcc -o conftest -O3 -Wall  -O3 -Wall conftest.c  >&5
configure:3495: $? = 0
configure:3495: ./conftest
configure:3495: $? = 0
configure:3506: result: yes
configure:3519: checking for sys/types.h
configure:3519: gcc -c -O3 -Wall  conftest.c >&5
configure:3519: $? = 0
configure:3519: result: yes
configure:3519: checking for sys/stat.h
configure:3519: gcc -c -O3 -Wall  conftest.c >&5
configure:3519: $? = 0
configure:3519: result: yes
configure:3519: checking for stdlib.h
configure:3519: gcc -c -O3 -Wall  conftest.c >&5
configure:3519: $? = 0
configure:3519: result: yes
configure:3519: checking for string.h
configure:3519: gcc -c -O3 -Wall  conftest.c >&5
configure:3519: $? = 0
configure:3519: result: yes
configure:3519: checking for memory.h
configure:3519: gcc -c -O3 -Wall  conftest.c >&5
configure:3519: $? = 0
configure:3519: result: yes
configure:3519: checking for strings.h
configure:3519: gcc -c -O3 -Wall  conftest.c >&5
configure:3519: $? = 0
configure:3519: result: yes
configure:3519: checking for inttypes.h
configure:3519: gcc -c -O3 -Wall  conftest.c >&5
configure:3519: $? = 0
configure:3519: result: yes
configure:3519: checking for stdint.h
configure:3519: gcc -c -O3 -Wall  conftest.c >&5
configure:3519: $? = 0
configure:3519: result: yes
configure:3519: checking for unistd.h
configure:3519: gcc -c -O3 -Wall  conftest.c >&5
configure:3519: $? = 0
configure:3519: result: yes
configure:3531: checking for size_t
configure:3531: gcc -c -O3 -Wall  conftest.c >&5
configure:3531: $? = 0
configure:3531: gcc -c -O3 -Wall  conftest.c >&5
conftest.c: In function 'main':
conftest.c:55:21: error: expected expression before ')' token
   55 | if (sizeof ((size_t)))
      |                     ^
configure:3531: $? = 1
configure: failed program was:
| /* confdefs.h */
| #define PACKAGE_NAME "cpabe"
| #define PACKAGE_TARNAME "cpabe"
| #define PACKAGE_VERSION "0.11"
| #define PACKAGE_STRING "cpabe 0.11"
| #define PACKAGE_BUGREPORT "bethenco@cs.berkeley.edu"
| #define PACKAGE_URL ""
| #define STDC_HEADERS 1
| #define HAVE_SYS_TYPES_H 1
| #define HAVE_SYS_STAT_H 1
| #define HAVE_STDLIB_H 1
| #define HAVE_STRING_H 1
| #define HAVE_MEMORY_H 1
| #define HAVE_STRINGS_H 1
| #define HAVE_INTTYPES_H 1
| #define HAVE_STDINT_H 1
| #define HAVE_UNISTD_H 1
| /* end confdefs.h.  */
| #include <stdio.h>
| #ifdef HAVE_SYS_TYPES_H
| # include <sys/types.h>
| #endif
| #ifdef HAVE_SYS_STAT_H
| # include <sys/stat.h>
| #endif
| #ifdef STDC_HEADERS
| # include <stdlib.h>
| # include <stddef.h>
| #else
| # ifdef HAVE_STDLIB_H
| #  include <stdlib.h>
| # endif
| #endif
| #ifdef HAVE_STRING_H
| # if !defined STDC_HEADERS && defined HAVE_MEMORY_H
| #  include <memory.h>
| # endif
| # include <string.h>
| #endif
| #ifdef HAVE_STRINGS_H
| # include <strings.h>
| #endif
| #ifdef HAVE_INTTYPES_H
| # include <inttypes.h>
| #endif
| #ifdef HAVE_STDINT_H
| # include <stdint.h>
| #endif
| #ifdef HAVE_UNISTD_H
| # include <unistd.h>
| #endif
| int
| main ()
| {
| if (sizeof ((size_t)))
| 	    return 0;
|   ;
|   return 0;
| }
configure:3531: result: yes
configure:3542: checking for uint32_t
configure:3542: gcc -c -O3 -Wall  conftest.c >&5
conftest.c: In function 'main':
conftest.c:55:12: warning: variable 'test_array' set but not used [-Wunused-but-set-variable]
   55 | static int test_array [1 - 2 * !(((uint32_t) -1 >> (32 / 2 - 1)) >> (32 / 2 - 1) == 3)];
      |            ^~~~~~~~~~
configure:3542: $? = 0
configure:3542: result: yes
configure:3556: checking for uint64_t
configure:3556: gcc -c -O3 -Wall  conftest.c >&5
conftest.c: In function 'main':
conftest.c:55:12: warning: variable 'test_array' set but not used [-Wunused-but-set-variable]
   55 | static int test_array [1 - 2 * !(((uint64_t) -1 >> (64 / 2 - 1)) >> (64 / 2 - 1) == 3)];
      |            ^~~~~~~~~~
configure:3556: $? = 0
configure:3556: result: yes
configure:3571: checking for ANSI C header files
configure:3675: result: yes
configure:3686: checking fcntl.h usability
configure:3686: gcc -c -O3 -Wall  conftest.c >&5
configure:3686: $? = 0
configure:3686: result: yes
configure:3686: checking fcntl.h presence
configure:3686: gcc -E  conftest.c
configure:3686: $? = 0
configure:3686: result: yes
configure:3686: checking for fcntl.h
configure:3686: result: yes
configure:3686: checking stddef.h usability
configure:3686: gcc -c -O3 -Wall  conftest.c >&5
configure:3686: $? = 0
configure:3686: result: yes
configure:3686: checking stddef.h presence
configure:3686: gcc -E  conftest.c
configure:3686: $? = 0
configure:3686: result: yes
configure:3686: checking for stddef.h
configure:3686: result: yes
configure:3686: checking for string.h
configure:3686: result: yes
configure:3701: checking for stdlib.h
configure:3701: result: yes
configure:3711: checking for GNU libc compatible malloc
configure:3735: gcc -o conftest -O3 -Wall  -O3 -Wall conftest.c  >&5
configure:3735: $? = 0
configure:3735: ./conftest
configure:3735: $? = 0
configure:3745: result: yes
configure:3766: checking whether lstat correctly handles trailing slash
configure:3792: gcc -o conftest -O3 -Wall  -O3 -Wall conftest.c  >&5
configure:3792: $? = 0
configure:3792: ./conftest
configure:3792: $? = 0
configure:3809: result: yes
configure:3828: checking whether stat accepts an empty string
configure:3848: gcc -o conftest -O3 -Wall  -O3 -Wall conftest.c  >&5
configure:3848: $? = 0
configure:3848: ./conftest
configure:3848: $? = 0
configure:3858: result: no
configure:3876: checking for vprintf
configure:3876: gcc -o conftest -O3 -Wall  -O3 -Wall conftest.c  >&5
conftest.c:49:6: warning: conflicting types for built-in function 'vprintf'; expected 'int(const char *, __va_list_tag *)' [-Wbuiltin-declaration-mismatch]
   49 | char vprintf ();
      |      ^~~~~~~
conftest.c:37:1: note: 'vprintf' is declared in header '<stdio.h>'
   36 | # include <limits.h>
   37 | #else
configure:3876: $? = 0
configure:3876: result: yes
configure:3882: checking for _doprnt
configure:3882: gcc -o conftest -O3 -Wall  -O3 -Wall conftest.c  >&5
/usr/bin/ld: /tmp/ccVAfRyk.o: in function `main':
conftest.c:(.text.startup+0xb): undefined reference to `_doprnt'
collect2: error: ld returned 1 exit status
configure:3882: $? = 1
configure: failed program was:
| /* confdefs.h */
| #define PACKAGE_NAME "cpabe"
| #define PACKAGE_TARNAME "cpabe"
| #define PACKAGE_VERSION "0.11"
| #define PACKAGE_STRING "cpabe 0.11"
| #define PACKAGE_BUGREPORT "bethenco@cs.berkeley.edu"
| #define PACKAGE_URL ""
| #define STDC_HEADERS 1
| #define HAVE_SYS_TYPES_H 1
| #define HAVE_SYS_STAT_H 1
| #define HAVE_STDLIB_H 1
| #define HAVE_STRING_H 1
| #define HAVE_MEMORY_H 1
| #define HAVE_STRINGS_H 1
| #define HAVE_INTTYPES_H 1
| #define HAVE_STDINT_H 1
| #define HAVE_UNISTD_H 1
| #define STDC_HEADERS 1
| #define HAVE_FCNTL_H 1
| #define HAVE_STDDEF_H 1
| #define HAVE_STRING_H 1
| #define HAVE_STDLIB_H 1
| #define HAVE_MALLOC 1
| #define LSTAT_FOLLOWS_SLASHED_SYMLINK 1
| #define HAVE_VPRINTF 1
| /* end confdefs.h.  */
| /* Define _doprnt to an innocuous variant, in case <limits.h> declares _doprnt.
|    For example, HP-UX 11i <limits.h> declares gettimeofday.  */
| #define _doprnt innocuous__doprnt
| 
| /* System header to define __stub macros and hopefully few prototypes,
|     which can conflict with char _doprnt (); below.
|     Prefer <limits.h> to <assert.h> if __STDC__ is defined, since
|     <limits.h> exists even on freestanding compilers.  */
| 
| #ifdef __STDC__
| # include <limits.h>
| #else
| # include <assert.h>
| #endif
| 
| #undef _doprnt
| 
| /* Override any GCC internal prototype to avoid an error.
|    Use char because int might match the return type of a GCC
|    builtin and then its argument prototype would still apply.  */
| #ifdef __cplusplus
| extern "C"
| #endif
| char _doprnt ();
| /* The GNU C library defines this for functions which it implements
|     to always fail with ENOSYS.  Some functions are actually named
|     something starting with __ and the normal name is an alias.  */
| #if defined __stub__doprnt || defined __stub____doprnt
| choke me
| #endif
| 
| int
| main ()
| {
| return _doprnt ();
|   ;
|   return 0;
| }
configure:3882: result: no
configure:3893: checking for SHA1 in -lcrypto
configure:3918: gcc -o conftest -O3 -Wall  -O3 -Wall conftest.c -lcrypto   >&5
configure:3918: $? = 0
configure:3927: result: yes
configure:3940: checking for EVP_aes_128_cbc in -lcrypto
configure:3965: gcc -o conftest -O3 -Wall  -O3 -Wall conftest.c -lcrypto  -lcrypto  >&5
configure:3965: $? = 0
configure:3974: result: yes
configure:3990: checking for strchr
configure:3990: gcc -o conftest -O3 -Wall  -O3 -Wall conftest.c -lcrypto -lcrypto  >&5
conftest.c:52:6: warning: conflicting types for built-in function 'strchr'; expected 'char *(const char *, int)' [-Wbuiltin-declaration-mismatch]
   52 | char strchr ();
      |      ^~~~~~
conftest.c:40:1: note: 'strchr' is declared in header '<string.h>'
   39 | # include <limits.h>
   40 | #else
configure:3990: $? = 0
configure:3990: result: yes
configure:3990: checking for strdup
configure:3990: gcc -o conftest -O3 -Wall  -O3 -Wall conftest.c -lcrypto -lcrypto  >&5
conftest.c:53:6: warning: conflicting types for built-in function 'strdup'; expected 'char *(const char *)' [-Wbuiltin-declaration-mismatch]
   53 | char strdup ();
      |      ^~~~~~
configure:3990: $? = 0
configure:3990: result: yes
configure:3990: checking for memset
configure:3990: gcc -o conftest -O3 -Wall  -O3 -Wall conftest.c -lcrypto -lcrypto  >&5
conftest.c:54:6: warning: conflicting types for built-in function 'memset'; expected 'void *(void *, int,  long unsigned int)' [-Wbuiltin-declaration-mismatch]
   54 | char memset ();
      |      ^~~~~~
conftest.c:42:1: note: 'memset' is declared in header '<string.h>'
   41 | # include <limits.h>
   42 | #else
configure:3990: $? = 0
configure:3990: result: yes
configure:4031: checking for pkg-config
configure:4049: found /usr/bin/pkg-config
configure:4062: result: /usr/bin/pkg-config
configure:4086: checking for GLIB - version >= 2.0.0
configure:4200: gcc -o conftest -O3 -Wall -I/usr/include/glib-2.0 -I/usr/lib/x86_64-linux-gnu/glib-2.0/include  -O3 -Wall conftest.c -lglib-2.0 -lcrypto -lcrypto  >&5
conftest.c: In function 'main':
conftest.c:43:3: warning: ignoring return value of 'system', declared with attribute warn_unused_result [-Wunused-result]
   43 |   system ("touch conf.glibtest");
      |   ^~~~~~~~~~~~~~~~~~~~~~~~~~~~~~
configure:4200: $? = 0
configure:4200: ./conftest
configure:4200: $? = 0
configure:4214: result: yes (version 2.64.6)
configure:4282: checking for GMP version >= 4.0.0 or later
configure:4329: gcc -o conftest -O3 -Wall   -O3 -Wall conftest.c -lcrypto -lcrypto  -Wl,-rpath /usr/local/lib -lgmp >&5
configure:4329: $? = 0
configure:4344: gcc -o conftest -O3 -Wall   -O3 -Wall conftest.c -lcrypto -lcrypto  -Wl,-rpath /usr/local/lib -lgmp >&5
configure:4344: $? = 0
configure:4344: ./conftest
configure:4344: $? = 0
configure:4346: result: found
configure:4405: checking for the PBC library
configure:4452: gcc -o conftest -O3 -Wall -I/usr/include/pbc -I/usr/local/include/pbc   -O3 -Wall conftest.c -lcrypto -lcrypto  -Wl,-rpath /usr/local/lib -lpbc -Wl,-rpath /usr/local/lib -lgmp >&5
configure:4452: $? = 0
configure:4454: result: found
configure:4493: checking for libbswabe
configure:4543: gcc -o conftest -O3 -Wall  -I/usr/include/pbc -I/usr/local/include/pbc  -I/usr/include/glib-2.0 -I/usr/lib/x86_64-linux-gnu/glib-2.0/include  -O3 -Wall conftest.c -lcrypto -lcrypto  -lbswabe -Wl,-rpath /usr/local/lib -lpbc -Wl,-rpath /usr/local/lib -lgmp -lglib-2.0 >&5
conftest.c: In function 'main':
conftest.c:41:4: warning: 'p' is used uninitialized in this function [-Wuninitialized]
   41 |    bswabe_pub_free(p);
      |    ^~~~~~~~~~~~~~~~~~
configure:4543: $? = 0
configure:4545: result: found
configure:4718: creating ./config.status

## ---------------------- ##
## Running config.status. ##
## ---------------------- ##

This file was extended by cpabe config.status 0.11, which was
generated by GNU Autoconf 2.67.  Invocation command line was

  CONFIG_FILES    = 
  CONFIG_HEADERS  = 
  CONFIG_LINKS    = 
  CONFIG_COMMANDS = 
  $ ./config.status 

on nontawat-VirtualBox

config.status:744: creating Makefile
config.status:843: WARNING:  'Makefile.in' seems to ignore the --datarootdir setting

## ---------------- ##
## Cache variables. ##
## ---------------- ##

ac_cv_c_compiler_gnu=yes
ac_cv_c_const=yes
ac_cv_c_uint32_t=yes
ac_cv_c_uint64_t=yes
ac_cv_env_CC_set=
ac_cv_env_CC_value=
ac_cv_env_CFLAGS_set=
ac_cv_env_CFLAGS_value=
ac_cv_env_CPPFLAGS_set=
ac_cv_env_CPPFLAGS_value=
ac_cv_env_CPP_set=
ac_cv_env_CPP_value=
ac_cv_env_LDFLAGS_set=
ac_cv_env_LDFLAGS_value=
ac_cv_env_LIBS_set=
ac_cv_env_LIBS_value=
ac_cv_env_YACC_set=
ac_cv_env_YACC_value=
ac_cv_env_YFLAGS_set=
ac_cv_env_YFLAGS_value=
ac_cv_env_build_alias_set=
ac_cv_env_build_alias_value=
ac_cv_env_host_alias_set=
ac_cv_env_host_alias_value=
ac_cv_env_target_alias_set=
ac_cv_env_target_alias_value=
ac_cv_func__doprnt=no
ac_cv_func_lstat_dereferences_slashed_symlink=yes
ac_cv_func_malloc_0_nonnull=yes
ac_cv_func_memset=yes
ac_cv_func_stat_empty_string_bug=no
ac_cv_func_strchr=yes
ac_cv_func_strdup=yes
ac_cv_func_vprintf=yes
ac_cv_header_fcntl_h=yes
ac_cv_header_inttypes_h=yes
ac_cv_header_memory_h=yes
ac_cv_header_stdc=yes
ac_cv_header_stddef_h=yes
ac_cv_header_stdint_h=yes
ac_cv_header_stdlib_h=yes
ac_cv_header_string_h=yes
ac_cv_header_strings_h=yes
ac_cv_header_sys_stat_h=yes
ac_cv_header_sys_types_h=yes
ac_cv_header_unistd_h=yes
ac_cv_lib_crypto_EVP_aes_128_cbc=yes
ac_cv_lib_crypto_SHA1=yes
ac_cv_objext=o
ac_cv_path_EGREP='/usr/bin/grep -E'
ac_cv_path_GREP=/usr/bin/grep
ac_cv_path_PKG_CONFIG=/usr/bin/pkg-config
ac_cv_prog_CPP='gcc -E'
ac_cv_prog_YACC='bison -y'
ac_cv_prog_ac_ct_CC=gcc
ac_cv_prog_cc_c89=
ac_cv_prog_cc_g=yes
ac_cv_type_size_t=yes

## ----------------- ##
## Output variables. ##
## ----------------- ##

BSWABE_CFLAGS=''
BSWABE_LIBS='-lbswabe'
CC='gcc'
CFLAGS='-O3 -Wall'
CPP='gcc -E'
CPPFLAGS=''
DEFS='-DPACKAGE_NAME=\"cpabe\" -DPACKAGE_TARNAME=\"cpabe\" -DPACKAGE_VERSION=\"0.11\" -DPACKAGE_STRING=\"cpabe\ 0.11\" -DPACKAGE_BUGREPORT=\"bethenco@cs.berkeley.edu\" -DPACKAGE_URL=\"\" -DSTDC_HEADERS=1 -DHAVE_SYS_TYPES_H=1 -DHAVE_SYS_STAT_H=1 -DHAVE_STDLIB_H=1 -DHAVE_STRING_H=1 -DHAVE_MEMORY_H=1 -DHAVE_STRINGS_H=1 -DHAVE_INTTYPES_H=1 -DHAVE_STDINT_H=1 -DHAVE_UNISTD_H=1 -DSTDC_HEADERS=1 -DHAVE_FCNTL_H=1 -DHAVE_STDDEF_H=1 -DHAVE_STRING_H=1 -DHAVE_STDLIB_H=1 -DHAVE_MALLOC=1 -DLSTAT_FOLLOWS_SLASHED_SYMLINK=1 -DHAVE_VPRINTF=1 -DHAVE_LIBCRYPTO=1 -DHAVE_LIBCRYPTO=1 -DHAVE_STRCHR=1 -DHAVE_STRDUP=1 -DHAVE_MEMSET=1 -DHAVE_GMP=1 -DHAVE_PBC=1 -DHAVE_BSWABE=1'
ECHO_C=''
ECHO_N='-n'
ECHO_T=''
EGREP='/usr/bin/grep -E'
EXEEXT=''
GLIB_CFLAGS='-I/usr/include/glib-2.0 -I/usr/lib/x86_64-linux-gnu/glib-2.0/include'
GLIB_GENMARSHAL='/usr/bin/glib-genmarshal'
GLIB_LIBS='-lglib-2.0'
GLIB_MKENUMS='/usr/bin/glib-mkenums'
GMP_CFLAGS=''
GMP_LIBS='-Wl,-rpath /usr/local/lib -lgmp'
GOBJECT_QUERY='/usr/bin/gobject-query'
GREP='/usr/bin/grep'
LDFLAGS='-O3 -Wall'
LIBOBJS=''
LIBS='-lcrypto -lcrypto '
LTLIBOBJS=''
OBJEXT='o'
PACKAGE_BUGREPORT='bethenco@cs.berkeley.edu'
PACKAGE_NAME='cpabe'
PACKAGE_STRING='cpabe 0.11'
PACKAGE_TARNAME='cpabe'
PACKAGE_URL=''
PACKAGE_VERSION='0.11'
PATH_SEPARATOR=':'
PBC_CFLAGS='-I/usr/include/pbc -I/usr/local/include/pbc'
PBC_LIBS='-Wl,-rpath /usr/local/lib -lpbc'
PKG_CONFIG='/usr/bin/pkg-config'
SHELL='/bin/bash'
YACC='bison -y'
YFLAGS=''
ac_ct_CC='gcc'
bindir='${exec_prefix}/bin'
build_alias=''
datadir='${datarootdir}'
datarootdir='${prefix}/share'
docdir='${datarootdir}/doc/${PACKAGE_TARNAME}'
dvidir='${docdir}'
exec_prefix='${prefix}'
host_alias=''
htmldir='${docdir}'
includedir='${prefix}/include'
infodir='${datarootdir}/info'
libdir='${exec_prefix}/lib'
libexecdir='${exec_prefix}/libexec'
localedir='${datarootdir}/locale'
localstatedir='${prefix}/var'
mandir='${datarootdir}/man'
oldincludedir='/usr/include'
pdfdir='${docdir}'
prefix='/usr/local'
program_transform_name='s,x,x,'
psdir='${docdir}'
sbindir='${exec_prefix}/sbin'
sharedstatedir='${prefix}/com'
sysconfdir='${prefix}/etc'
target_alias=''

## ----------- ##
## confdefs.h. ##
## ----------- ##

/* confdefs.h */
#define PACKAGE_NAME "cpabe"
#define PACKAGE_TARNAME "cpabe"
#define PACKAGE_VERSION "0.11"
#define PACKAGE_STRING "cpabe 0.11"
#define PACKAGE_BUGREPORT "bethenco@cs.berkeley.edu"
#define PACKAGE_URL ""
#define STDC_HEADERS 1
#define HAVE_SYS_TYPES_H 1
#define HAVE_SYS_STAT_H 1
#define HAVE_STDLIB_H 1
#define HAVE_STRING_H 1
#define HAVE_MEMORY_H 1
#define HAVE_STRINGS_H 1
#define HAVE_INTTYPES_H 1
#define HAVE_STDINT_H 1
#define HAVE_UNISTD_H 1
#define STDC_HEADERS 1
#define HAVE_FCNTL_H 1
#define HAVE_STDDEF_H 1
#define HAVE_STRING_H 1
#define HAVE_STDLIB_H 1
#define HAVE_MALLOC 1
#define LSTAT_FOLLOWS_SLASHED_SYMLINK 1
#define HAVE_VPRINTF 1
#define HAVE_LIBCRYPTO 1
#define HAVE_LIBCRYPTO 1
#define HAVE_STRCHR 1
#define HAVE_STRDUP 1
#define HAVE_MEMSET 1
#define HAVE_GMP 1
#define HAVE_PBC 1
#define HAVE_BSWABE 1

configure: exit 0
